<?xml version="1.0" encoding="UTF-8"?>
<!-- Generated by org.testng.reporters.JUnitReportReporter -->
<testsuite skipped="0" hostname="DESKTOP-LQONSOF" name="TestNGOne.NewTest" tests="3" failures="0" timestamp="15 Jun 2018 19:58:35 GMT" time="0.007" errors="0">
  <testcase name="f3" time="0.002" classname="TestNGOne.NewTest"/>
  <testcase name="f" time="0.002" classname="TestNGOne.NewTest"/>
  <testcase name="f1" time="0.003" classname="TestNGOne.NewTest"/>
</testsuite> <!-- TestNGOne.NewTest -->
