<?xml version="1.0" encoding="UTF-8"?>
<!-- Generated by org.testng.reporters.JUnitReportReporter -->
<testsuite skipped="0" hostname="DESKTOP-LQONSOF" name="TestNGOne.NewTestTwo" tests="3" failures="0" timestamp="15 Jun 2018 19:58:35 GMT" time="0.019" errors="0">
  <testcase name="f" time="0.016" classname="TestNGOne.NewTestTwo"/>
  <testcase name="f1" time="0.001" classname="TestNGOne.NewTestTwo"/>
  <testcase name="f3" time="0.002" classname="TestNGOne.NewTestTwo"/>
</testsuite> <!-- TestNGOne.NewTestTwo -->
